********************************************************************************
MEME - Motif discovery tool
********************************************************************************
MEME version 3.5.2 (Release date: 2006/03/01 19:37:18)

For further information on how to interpret these results or to get
a copy of the MEME software please access http://meme.nbcr.net.

This file may be used as input to the MAST algorithm for searching
sequence databases for matches to groups of motifs.  MAST is available
for interactive use and downloading at http://meme.nbcr.net.
********************************************************************************


********************************************************************************
REFERENCE
********************************************************************************
If you use this program in your research, please cite:

Timothy L. Bailey and Charles Elkan,
"Fitting a mixture model by expectation maximization to discover
motifs in biopolymers", Proceedings of the Second International
Conference on Intelligent Systems for Molecular Biology, pp. 28-36,
AAAI Press, Menlo Park, California, 1994.
********************************************************************************


********************************************************************************
TRAINING SET
********************************************************************************
DATAFILE= seq/1.seq
ALPHABET= ACDEFGHIKLMNPQRSTVWY
Sequence name            Weight Length  Sequence name            Weight Length  
-------------            ------ ------  -------------            ------ ------  
Scerevisiae              1.0000    113  Smikatae                 1.0000    114  
Ncastellii               1.0000    115  Klactis                  1.0000    165  
Calbicans                1.0000    129  Ncrassa                  1.0000    130  
Spombe                   1.0000     71  Agosyppii                1.0000    155  
Ylipolytica              1.0000    100  Panserina                1.0000     95  
Tlanuginosus             1.0000    132  Apullulans               1.0000    127  
Pangusta                 1.0000    129  Dhansenii                1.0000    147  
Pnodorum                 1.0000     93  Oclavigerum              1.0000    113  
Sthermophile             1.0000    126  Aoryzae                  1.0000    124  
Afumigatus               1.0000    130  Cglobosum                1.0000    135  
Gzea                     1.0000    123  Umaydis                  1.0000    176  
Cneoformans              1.0000    155  
********************************************************************************

********************************************************************************
COMMAND LINE SUMMARY
********************************************************************************
This information can also be useful in the event you wish to report a
problem with the MEME software.

command: meme -protein -minw 5 -maxw 128 -mod zoops -nmotifs 3 -evt 1e-10 seq/1.seq 

model:  mod=         zoops    nmotifs=         3    evt=         1e-10
object function=  E-value of product of p-values
width:  minw=            5    maxw=          128    minic=        0.00
width:  wg=             11    ws=              1    endgaps=       yes
nsites: minsites=        2    maxsites=       23    wnsites=       0.8
theta:  prob=            1    spmap=         pam    spfuzz=        120
em:     prior=       megap    b=           14485    maxiter=        50
        distance=    1e-05
data:   n=            2897    N=              23

sample: seed=            0    seqfrac=         1
Dirichlet mixture priors file: prior30.plib
Letter frequencies in dataset:
A 0.071 C 0.005 D 0.040 E 0.079 F 0.050 G 0.077 H 0.018 I 0.058 K 0.025 
L 0.099 M 0.029 N 0.053 P 0.066 Q 0.028 R 0.060 S 0.113 T 0.043 V 0.049 
W 0.017 Y 0.021 
Background letter frequencies (from dataset with add-one prior applied):
A 0.071 C 0.005 D 0.040 E 0.079 F 0.050 G 0.076 H 0.019 I 0.058 K 0.025 
L 0.099 M 0.029 N 0.053 P 0.066 Q 0.028 R 0.060 S 0.112 T 0.043 V 0.049 
W 0.018 Y 0.021 
********************************************************************************


********************************************************************************
MOTIF  1	width =   32   sites =  23   llr = 1593   E-value = 2.1e-424
********************************************************************************
--------------------------------------------------------------------------------
	Motif 1 Description
--------------------------------------------------------------------------------
Simplified        A  ::::1::55:::::::::::::::::::a::4
pos.-specific     C  :::::::3::::::::::::::::::::::::
probability       D  ::::::::::::::::::::::::::::::::
matrix            E  :::::::::::::::::::::::::a::::9:
                  F  1::32:::::::3::a:::::::a:::7:::1
                  G  ::2::34:1:::1:::::a:::a:a:::::::
                  H  :::::::::::::::::::::::::::::8::
                  I  51:5:::1:a::1:::4:::::::::3::::2
                  K  :::::11:::::::::::::::::::::::::
                  L  21:24::::::a3a::3::4:9::::72:::2
                  M  :::::::::::::::::::4a1::::::::::
                  N  ::::::::::a::::::a:::::::::::1::
                  P  ::::::::::::::a:::::::::::::::::
                  Q  ::::::::::::::::::::::::::::::::
                  R  ::1::5:::::::::::::::::::::::1::
                  S  ::6:::313:::::::::::::::::::::::
                  T  ::::::::::::::::::::::::::::::::
                  V  21::2:::::::3:::3::2:::::::1:::1
                  W  :6::::::::::::::::::::::::::::::
                  Y  ::::::::::::::::::::::::::::::::

         bits    7.7                                 
                 6.9                                 
                 6.2                                 
                 5.4                     *           
Information      4.6                *    *        *  
content          3.8          **   ** ** * ****  **  
(99.9 bits)      3.1  *     * *** *** ************** 
                 2.3 ** * * ***** ****************** 
                 1.5 ********************************
                 0.8 ********************************
                 0.0 --------------------------------

Multilevel           IWSILRGAAINLLLPFINGMMLGFGELFAHEA
consensus            L  FFGSCS   F   V  L      I    I
sequence                L        V   L              L
                                                     
                                                     
--------------------------------------------------------------------------------

--------------------------------------------------------------------------------
	Motif 1 sites sorted by position p-value
--------------------------------------------------------------------------------
Sequence name             Start   P-value                          Site            
-------------             ----- ---------            --------------------------------
Cglobosum                    50  1.30e-37 PAVILYQPPT IWSILRGAAINLFLPFVNGMMLGFGELFAHEA AFRLGWSNTR
Aoryzae                      50  1.63e-36 SPLILYKPPT IWSILRGAAINLVLPFVNGLMLGFGELFAHEA AFRLGWSGTK
Sthermophile                 50  4.15e-36 PAVILYQPPT IWSIIRGAAINLLLPFINGMMLGFGELFAHEA AFRLGWSNTR
Panserina                    50  8.53e-36 PAVILYQPPT FWSILRGAAINLFLPFVNGMMLGFGELFAHEA AFRLGWSNTR
Afumigatus                   51  5.17e-35 SPLILYKPPS IWGILRGAAINLILPFVNGLMLGFGELFAHEA AFRLGWSNTK
Ncrassa                      50  1.03e-33 PAVVLYQPPT VWSLFRSAVINLFLPFVNGMMLGFGELFAHEA AFRLGWSNTK
Gzea                         46  1.53e-33 SPVVLYKPPT VWSLMRGTAINLLLPFINGMMLGFGELFAHEA AFRLGWGGTK
Oclavigerum                  49  1.98e-33 SPVILYQPPT VWSLFRGAAINLFLPFVNGLMMGFGELFAHEF AFRLGWSGTR
Pangusta                     77  7.88e-33 QESPDVGSTS IWSFLGSCGINLVLPFINGVMLGFGEILAHEI GFRYNWSGAK
Calbicans                    69  4.66e-32 LEEQPSYVID IFGILKKAAINLVLPFINGMMLGFGEILAHEI GFRYNWIGAR
Smikatae                     40  1.45e-31 TPGESPLAQS LVSFVGSCSINLLLPFLNGMMLGFGELFAHEL CWRFNWFNHR
Scerevisiae                  39  1.45e-31 SADESPLVQS LVSFVGSCSINLLLPFLNGMMLGFGELFAHEL CWRFNWFNHR
Dhansenii                    87  3.12e-31 EKEESVYNIN LWSILRKSSINLILPFINGMMLGFGEILAHEI GFRYNWVGAK
Ylipolytica                  48  3.47e-31 GPRITFSMPA IGRFLGRCCINLVLPFINGMMMGFGELVAHEI GFAWGMSGAR
Pnodorum                     47  3.87e-31 SPMILYKPPT LWGLFRGAAINLFLPFVNGLMLGFGELVANEA AFRLGVEWDQ
Apullulans                   50  5.34e-31 SPLILYSPPT FWGLVRGAAINLLLPFVNGLMLGFGELFANEL AFRFGWSNTK
Klactis                      84  6.60e-31 SEKNGVSFGK ILSFAGSCSINLVLPFINGLMLGFGELVAHEL SWNWNWFNRK
Tlanuginosus                 53  4.24e-30 SPLDVYKPPS IWRILRGAAINLLLPFINGLMLGLGELIAHDA AFRLGWSGTK
Ncastellii                   51  2.75e-29 LSLSNSKYSR IISFVSSSSINLFLPFLNGLMLGFGELFAHEI SWRFNWFGGS
Agosyppii                    78  1.03e-28 ERTGGISFGR LLSVAGSCSINLLLPFLNGLMLGFGELLAHEL SWKFSWFDKE
Spombe                       16  4.47e-28 VTVPKTLFSQ VIHIFKYAAINLGLPFLNGVMLGFGEIFAHAF IHSLGWAPGH
Cneoformans                  87  8.69e-27 TLFTNASSLS IPRIFAVIGINLVLPFINGVMLGFGEIFAREV VKVGKAVWRG
Umaydis                      93  3.40e-23 PYSSIPLSRR MALISGSIFINLGLPFLNGVMLGFGEIFARVV VAPALGITGV
--------------------------------------------------------------------------------

--------------------------------------------------------------------------------
	Motif 1 block diagrams
--------------------------------------------------------------------------------
SEQUENCE NAME            POSITION P-VALUE  MOTIF DIAGRAM
-------------            ----------------  -------------
Cglobosum                         1.3e-37  49_[1]_54
Aoryzae                           1.6e-36  49_[1]_43
Sthermophile                      4.1e-36  49_[1]_45
Panserina                         8.5e-36  49_[1]_14
Afumigatus                        5.2e-35  50_[1]_48
Ncrassa                             1e-33  49_[1]_49
Gzea                              1.5e-33  45_[1]_46
Oclavigerum                         2e-33  48_[1]_33
Pangusta                          7.9e-33  76_[1]_21
Calbicans                         4.7e-32  68_[1]_29
Smikatae                          1.4e-31  39_[1]_43
Scerevisiae                       1.4e-31  38_[1]_43
Dhansenii                         3.1e-31  86_[1]_29
Ylipolytica                       3.5e-31  47_[1]_21
Pnodorum                          3.9e-31  46_[1]_15
Apullulans                        5.3e-31  49_[1]_46
Klactis                           6.6e-31  83_[1]_50
Tlanuginosus                      4.2e-30  52_[1]_48
Ncastellii                        2.7e-29  50_[1]_33
Agosyppii                           1e-28  77_[1]_46
Spombe                            4.5e-28  15_[1]_24
Cneoformans                       8.7e-27  86_[1]_37
Umaydis                           3.4e-23  92_[1]_52
--------------------------------------------------------------------------------

--------------------------------------------------------------------------------
	Motif 1 in BLOCKS format
--------------------------------------------------------------------------------
BL   MOTIF 1 width=32 seqs=23
Cglobosum                (   50) IWSILRGAAINLFLPFVNGMMLGFGELFAHEA  1 
Aoryzae                  (   50) IWSILRGAAINLVLPFVNGLMLGFGELFAHEA  1 
Sthermophile             (   50) IWSIIRGAAINLLLPFINGMMLGFGELFAHEA  1 
Panserina                (   50) FWSILRGAAINLFLPFVNGMMLGFGELFAHEA  1 
Afumigatus               (   51) IWGILRGAAINLILPFVNGLMLGFGELFAHEA  1 
Ncrassa                  (   50) VWSLFRSAVINLFLPFVNGMMLGFGELFAHEA  1 
Gzea                     (   46) VWSLMRGTAINLLLPFINGMMLGFGELFAHEA  1 
Oclavigerum              (   49) VWSLFRGAAINLFLPFVNGLMMGFGELFAHEF  1 
Pangusta                 (   77) IWSFLGSCGINLVLPFINGVMLGFGEILAHEI  1 
Calbicans                (   69) IFGILKKAAINLVLPFINGMMLGFGEILAHEI  1 
Smikatae                 (   40) LVSFVGSCSINLLLPFLNGMMLGFGELFAHEL  1 
Scerevisiae              (   39) LVSFVGSCSINLLLPFLNGMMLGFGELFAHEL  1 
Dhansenii                (   87) LWSILRKSSINLILPFINGMMLGFGEILAHEI  1 
Ylipolytica              (   48) IGRFLGRCCINLVLPFINGMMMGFGELVAHEI  1 
Pnodorum                 (   47) LWGLFRGAAINLFLPFVNGLMLGFGELVANEA  1 
Apullulans               (   50) FWGLVRGAAINLLLPFVNGLMLGFGELFANEL  1 
Klactis                  (   84) ILSFAGSCSINLVLPFINGLMLGFGELVAHEL  1 
Tlanuginosus             (   53) IWRILRGAAINLLLPFINGLMLGLGELIAHDA  1 
Ncastellii               (   51) IISFVSSSSINLFLPFLNGLMLGFGELFAHEI  1 
Agosyppii                (   78) LLSVAGSCSINLLLPFLNGLMLGFGELLAHEL  1 
Spombe                   (   16) VIHIFKYAAINLGLPFLNGVMLGFGEIFAHAF  1 
Cneoformans              (   87) IPRIFAVIGINLVLPFINGVMLGFGEIFAREV  1 
Umaydis                  (   93) MALISGSIFINLGLPFLNGVMLGFGEIFARVV  1 
//

--------------------------------------------------------------------------------

--------------------------------------------------------------------------------
	Motif 1 position-specific scoring matrix
--------------------------------------------------------------------------------
log-odds matrix: alength= 20 w= 32 n= 2184 bayes= 6.55392 E= 2.1e-424 
  -377   -172   -478   -543     29   -559   -443    319   -349     87     38   -489   -575   -402   -508   -518   -313    174   -441   -311 
   -78    -38   -407   -432    -35   -124   -273     40   -248    -28   -165   -379   -111   -277   -368   -376   -195     72    498   -153 
  -278   -185   -251   -353   -519    103    114   -471    -62   -126   -420   -245   -481   -203    106    230   -216   -380   -516   -352 
  -489   -246   -736   -753    229   -732   -579    298   -579    121   -203   -714   -707   -533   -681   -734   -444     14   -502   -411 
    26    -25   -431   -436    188   -406   -272      6   -249    184     66   -381   -444   -277   -374   -136   -176    179   -322   -189 
   -64   -248   -386   -381   -603    184   -249   -495    207   -474   -423   -335   -525   -162    302   -133   -315   -407   -519   -388 
  -274   -208   -256   -283   -472    233   -201   -399    198   -401   -345   -258   -445   -129    -11    141   -242    -23   -459     89 
   289    558   -515   -570   -522   -328   -468     44   -422   -492   -429   -489   -510   -427   -528    -33      4   -288   -552   -467 
   317    251   -350   -387   -111    -48   -320   -302   -234   -324   -262   -377   -488   -296   -369     39   -184    -24   -389   -314 
  -631   -382   -701   -840   -633   -693   -661    410   -663   -513   -545   -772   -746   -701   -768   -809   -593   -317   -712   -608 
  -431   -192   -246   -509   -470   -434   -128   -397   -263   -494   -429    412   -493   -280   -431   -320   -285   -399   -430   -349 
  -628   -378   -682   -767   -465   -683   -586   -397   -588    331   -349   -733   -699   -575   -676   -766   -581   -427   -598   -514 
  -332   -124   -553   -562    224      4   -399     76   -378    158   -191   -509   -561   -396   -502   -498   -288    237   -421   -297 
  -628   -378   -682   -767   -465   -683   -586   -397   -588    331   -349   -733   -699   -575   -676   -766   -581   -427   -598   -514 
  -575   -441   -617   -721   -737   -642   -585   -749   -544   -718   -742   -702    390   -585   -675   -686   -597   -665   -711   -645 
  -616   -325   -628   -741    429   -653   -510   -544   -576   -481   -529   -680   -674   -614   -689   -683   -616   -527   -471   -246 
  -436   -195   -679   -725   -430   -715   -666    274   -561    135   -305   -680   -720   -611   -726   -708   -391    283   -644   -489 
  -431   -192   -246   -509   -470   -434   -128   -397   -263   -494   -429    412   -493   -280   -431   -320   -285   -399   -430   -349 
  -424   -336   -442   -591   -666    368   -485   -663   -418   -691   -622   -477   -621   -516   -546   -538   -522   -571   -596   -532 
  -519   -272   -769   -777   -296   -755   -581   -203   -602    199    380   -745   -714   -527   -686   -768   -474    180   -487   -408 
  -491   -214   -529   -620   -473   -576   -473   -320   -419   -281    503   -561   -592   -474   -596   -584   -440   -338   -410   -324 
  -435   -202   -576   -573   -258   -618   -430   -181   -397    313    138   -572   -560   -374   -491   -589   -383   -212   -425   -335 
  -424   -336   -442   -591   -666    368   -485   -663   -418   -691   -622   -477   -621   -516   -546   -538   -522   -571   -596   -532 
  -369    -79   -437   -508    414   -513   -362   -265   -359   -128   -248   -479   -482   -420   -506   -438   -394   -256   -250    -24 
  -424   -336   -442   -591   -666    368   -485   -663   -418   -691   -622   -477   -621   -516   -546   -538   -522   -571   -596   -532 
  -503   -369   -188    362   -639   -549   -428   -545   -450   -640   -588   -456   -682   -329   -584   -618   -503   -523   -612   -524 
  -509   -263   -727   -735   -297   -734   -558    211   -561    286   -182   -714   -688   -503   -648   -739   -463   -222   -484   -402 
  -485   -238   -706   -733    360   -717   -561     -8   -564     91   -202   -696   -689   -526   -670   -705   -445    142   -476   -348 
   380   -277   -653   -769   -718   -522   -611   -712   -611   -715   -680   -674   -660   -614   -699   -523   -482   -539   -695   -632 
  -359   -112   -234   -360   -283   -410    536   -426   -243   -352   -292     14   -419    -17    -22   -335   -252   -333   -297    -15 
  -308   -371   -115    359   -637   -535   -413   -536   -382   -621   -567   -440   -642   -291   -557   -588   -475   -278   -612   -516 
   231   -128   -560   -572     72   -543   -415    189   -389    113   -206   -519   -572   -411   -515   -509   -294    105   -440   -313 
--------------------------------------------------------------------------------

--------------------------------------------------------------------------------
	Motif 1 position-specific probability matrix
--------------------------------------------------------------------------------
letter-probability matrix: alength= 20 w= 32 nsites= 23 E= 2.1e-424 
 0.000000  0.000000  0.000000  0.000000  0.086957  0.000000  0.000000  0.478261  0.000000  0.217391  0.043478  0.000000  0.000000  0.000000  0.000000  0.000000  0.000000  0.173913  0.000000  0.000000 
 0.043478  0.000000  0.000000  0.000000  0.043478  0.043478  0.000000  0.086957  0.000000  0.086957  0.000000  0.000000  0.043478  0.000000  0.000000  0.000000  0.000000  0.086957  0.565217  0.000000 
 0.000000  0.000000  0.000000  0.000000  0.000000  0.173913  0.043478  0.000000  0.000000  0.043478  0.000000  0.000000  0.000000  0.000000  0.130435  0.608696  0.000000  0.000000  0.000000  0.000000 
 0.000000  0.000000  0.000000  0.000000  0.260870  0.000000  0.000000  0.478261  0.000000  0.217391  0.000000  0.000000  0.000000  0.000000  0.000000  0.000000  0.000000  0.043478  0.000000  0.000000 
 0.086957  0.000000  0.000000  0.000000  0.217391  0.000000  0.000000  0.043478  0.000000  0.391304  0.043478  0.000000  0.000000  0.000000  0.000000  0.043478  0.000000  0.173913  0.000000  0.000000 
 0.043478  0.000000  0.000000  0.000000  0.000000  0.304348  0.000000  0.000000  0.086957  0.000000  0.000000  0.000000  0.000000  0.000000  0.521739  0.043478  0.000000  0.000000  0.000000  0.000000 
 0.000000  0.000000  0.000000  0.000000  0.000000  0.434783  0.000000  0.000000  0.086957  0.000000  0.000000  0.000000  0.000000  0.000000  0.043478  0.347826  0.000000  0.043478  0.000000  0.043478 
 0.521739  0.260870  0.000000  0.000000  0.000000  0.000000  0.000000  0.086957  0.000000  0.000000  0.000000  0.000000  0.000000  0.000000  0.000000  0.086957  0.043478  0.000000  0.000000  0.000000 
 0.521739  0.043478  0.000000  0.000000  0.043478  0.086957  0.000000  0.000000  0.000000  0.000000  0.000000  0.000000  0.000000  0.000000  0.000000  0.260870  0.000000  0.043478  0.000000  0.000000 
 0.000000  0.000000  0.000000  0.000000  0.000000  0.000000  0.000000  1.000000  0.000000  0.000000  0.000000  0.000000  0.000000  0.000000  0.000000  0.000000  0.000000  0.000000  0.000000  0.000000 
 0.000000  0.000000  0.000000  0.000000  0.000000  0.000000  0.000000  0.000000  0.000000  0.000000  0.000000  1.000000  0.000000  0.000000  0.000000  0.000000  0.000000  0.000000  0.000000  0.000000 
 0.000000  0.000000  0.000000  0.000000  0.000000  0.000000  0.000000  0.000000  0.000000  1.000000  0.000000  0.000000  0.000000  0.000000  0.000000  0.000000  0.000000  0.000000  0.000000  0.000000 
 0.000000  0.000000  0.000000  0.000000  0.260870  0.086957  0.000000  0.086957  0.000000  0.304348  0.000000  0.000000  0.000000  0.000000  0.000000  0.000000  0.000000  0.260870  0.000000  0.000000 
 0.000000  0.000000  0.000000  0.000000  0.000000  0.000000  0.000000  0.000000  0.000000  1.000000  0.000000  0.000000  0.000000  0.000000  0.000000  0.000000  0.000000  0.000000  0.000000  0.000000 
 0.000000  0.000000  0.000000  0.000000  0.000000  0.000000  0.000000  0.000000  0.000000  0.000000  0.000000  0.000000  1.000000  0.000000  0.000000  0.000000  0.000000  0.000000  0.000000  0.000000 
 0.000000  0.000000  0.000000  0.000000  1.000000  0.000000  0.000000  0.000000  0.000000  0.000000  0.000000  0.000000  0.000000  0.000000  0.000000  0.000000  0.000000  0.000000  0.000000  0.000000 
 0.000000  0.000000  0.000000  0.000000  0.000000  0.000000  0.000000  0.391304  0.000000  0.260870  0.000000  0.000000  0.000000  0.000000  0.000000  0.000000  0.000000  0.347826  0.000000  0.000000 
 0.000000  0.000000  0.000000  0.000000  0.000000  0.000000  0.000000  0.000000  0.000000  0.000000  0.000000  1.000000  0.000000  0.000000  0.000000  0.000000  0.000000  0.000000  0.000000  0.000000 
 0.000000  0.000000  0.000000  0.000000  0.000000  1.000000  0.000000  0.000000  0.000000  0.000000  0.000000  0.000000  0.000000  0.000000  0.000000  0.000000  0.000000  0.000000  0.000000  0.000000 
 0.000000  0.000000  0.000000  0.000000  0.000000  0.000000  0.000000  0.000000  0.000000  0.391304  0.434783  0.000000  0.000000  0.000000  0.000000  0.000000  0.000000  0.173913  0.000000  0.000000 
 0.000000  0.000000  0.000000  0.000000  0.000000  0.000000  0.000000  0.000000  0.000000  0.000000  1.000000  0.000000  0.000000  0.000000  0.000000  0.000000  0.000000  0.000000  0.000000  0.000000 
 0.000000  0.000000  0.000000  0.000000  0.000000  0.000000  0.000000  0.000000  0.000000  0.913043  0.086957  0.000000  0.000000  0.000000  0.000000  0.000000  0.000000  0.000000  0.000000  0.000000 
 0.000000  0.000000  0.000000  0.000000  0.000000  1.000000  0.000000  0.000000  0.000000  0.000000  0.000000  0.000000  0.000000  0.000000  0.000000  0.000000  0.000000  0.000000  0.000000  0.000000 
 0.000000  0.000000  0.000000  0.000000  0.956522  0.000000  0.000000  0.000000  0.000000  0.043478  0.000000  0.000000  0.000000  0.000000  0.000000  0.000000  0.000000  0.000000  0.000000  0.000000 
 0.000000  0.000000  0.000000  0.000000  0.000000  1.000000  0.000000  0.000000  0.000000  0.000000  0.000000  0.000000  0.000000  0.000000  0.000000  0.000000  0.000000  0.000000  0.000000  0.000000 
 0.000000  0.000000  0.000000  1.000000  0.000000  0.000000  0.000000  0.000000  0.000000  0.000000  0.000000  0.000000  0.000000  0.000000  0.000000  0.000000  0.000000  0.000000  0.000000  0.000000 
 0.000000  0.000000  0.000000  0.000000  0.000000  0.000000  0.000000  0.260870  0.000000  0.739130  0.000000  0.000000  0.000000  0.000000  0.000000  0.000000  0.000000  0.000000  0.000000  0.000000 
 0.000000  0.000000  0.000000  0.000000  0.652174  0.000000  0.000000  0.043478  0.000000  0.173913  0.000000  0.000000  0.000000  0.000000  0.000000  0.000000  0.000000  0.130435  0.000000  0.000000 
 1.000000  0.000000  0.000000  0.000000  0.000000  0.000000  0.000000  0.000000  0.000000  0.000000  0.000000  0.000000  0.000000  0.000000  0.000000  0.000000  0.000000  0.000000  0.000000  0.000000 
 0.000000  0.000000  0.000000  0.000000  0.000000  0.000000  0.826087  0.000000  0.000000  0.000000  0.000000  0.086957  0.000000  0.000000  0.086957  0.000000  0.000000  0.000000  0.000000  0.000000 
 0.043478  0.000000  0.043478  0.869565  0.000000  0.000000  0.000000  0.000000  0.000000  0.000000  0.000000  0.000000  0.000000  0.000000  0.000000  0.000000  0.000000  0.043478  0.000000  0.000000 
 0.391304  0.000000  0.000000  0.000000  0.086957  0.000000  0.000000  0.217391  0.000000  0.217391  0.000000  0.000000  0.000000  0.000000  0.000000  0.000000  0.000000  0.086957  0.000000  0.000000 
--------------------------------------------------------------------------------





Time  9.33 secs.

********************************************************************************


********************************************************************************
MOTIF  2	width =   31   sites =  11   llr = 627   E-value = 7.6e-079
********************************************************************************
--------------------------------------------------------------------------------
	Motif 2 Description
--------------------------------------------------------------------------------
Simplified        A  ::51:1:::::::::::511:1:1:::2:::
pos.-specific     C  :::::::::::::::::::::::::::::::
probability       D  :1:21::::::a::::1::23::::::::1:
matrix            E  3::6:::::::::a:::::45::1::1::::
                  F  :::::::::::::::::::::1:::::::::
                  G  :::::8:::::::::::111:::::::::::
                  H  1::::::::2::::::::21:::::::::1:
                  I  ::1:::1:5:::1:1:::::1::::::::::
                  K  :::::::::::::::::::::::::::::::
                  L  :5::::4:::::::1::::::4:::1::::1
                  M  :4::::1:3::::::::::::::::1:::::
                  N  ::::::::::::::2:::32::::::::11:
                  P  5::::::::4::::::::4:::123551:11
                  Q  :::::::::1::::5::1:::2::1::::::
                  R  1::::::::3:::::::2:::::::::::::
                  S  ::1:91:::19:9:1:91::12946347968
                  T  ::1::::a::1:::1::::::::2:1:::::
                  V  ::::::5:3::::::::::::1:1:::::::
                  W  :::::::::::::::::::::::::::::::
                  Y  ::21:::::::::::a:::::::::::::::

         bits    7.7                                
                 6.9                                
                 6.2                                
                 5.4                *               
Information      4.6        *   *   *               
content          3.8        *   * * *               
(82.3 bits)      3.1  *  ** ** **** **     *     *  
                 2.3 ******************* * * * *****
                 1.5 *******************************
                 0.8 *******************************
                 0.0 -------------------------------

Multilevel           PLAESGVTIPSDSEQYSAPEELSSSPPSSSS
consensus            EM    L MR        N D   PSS    
sequence                     V                      
                                                    
                                                    
--------------------------------------------------------------------------------

--------------------------------------------------------------------------------
	Motif 2 sites sorted by position p-value
--------------------------------------------------------------------------------
Sequence name             Start   P-value                         Site            
-------------             ----- ---------            -------------------------------
Sthermophile                  9  1.86e-31   MASDEPLN PMAESGVTIRSDSEQYSRHEEQSVSPPSSSS PAVILYQPPT
Panserina                     9  4.56e-31   MASEEPPN PMAESGVTIRSDSEQYSSPEELSTSPPSSSS PAVILYQPPT
Cglobosum                     9  3.38e-30   MASEEPPN PMAESGITIPSDSEQYSRHGDQSTSPPSSSS PAVILYQPPT
Ncrassa                       9  6.70e-27   MSAEEISN PLAESGVTISSDSEQYSAPESASPQSPSSSS PAVVLYQPPT
Oclavigerum                   9  6.34e-26   MASEEAVN PMAESGVTMHSDSEQYSGAEELSASLESSHS PVILYQPPTV
Afumigatus                   11  8.08e-25 MADEHSHSRV ELYDSGLTVPSDSEIYSANHEVSSPMSASSS PLILYKPPSI
Gzea                          7  9.74e-24     MADEHN HLAESGVTMHSDIELYSAGDDLSSPPSSNSP VVLYKPPTVW
Aoryzae                      12  5.73e-23 ASGDHTSSSV ELYESGLTVRSDSENYSANNELSESTSSSPL ILYKPPTIWS
Tlanuginosus                 13  6.31e-23 MSRHRSEERI ELSDSALTVPSDSENYSANNEFSSSPSASNS PLDVYKPPSI
Pnodorum                      6  2.61e-22      MDDPT PLTASGLTIPTDSESYSAPADSPSPSPPSSS SPMILYKPPT
Apullulans                    8  3.81e-19    MAAAADQ RDIYDSMTMQSDSETYDQPDISSPSSPSSDS ASPLILYSPP
--------------------------------------------------------------------------------

--------------------------------------------------------------------------------
	Motif 2 block diagrams
--------------------------------------------------------------------------------
SEQUENCE NAME            POSITION P-VALUE  MOTIF DIAGRAM
-------------            ----------------  -------------
Sthermophile                      1.9e-31  8_[2]_87
Panserina                         4.6e-31  8_[2]_56
Cglobosum                         3.4e-30  8_[2]_96
Ncrassa                           6.7e-27  8_[2]_91
Oclavigerum                       6.3e-26  8_[2]_74
Afumigatus                        8.1e-25  10_[2]_89
Gzea                              9.7e-24  6_[2]_86
Aoryzae                           5.7e-23  11_[2]_82
Tlanuginosus                      6.3e-23  12_[2]_89
Pnodorum                          2.6e-22  5_[2]_57
Apullulans                        3.8e-19  7_[2]_89
--------------------------------------------------------------------------------

--------------------------------------------------------------------------------
	Motif 2 in BLOCKS format
--------------------------------------------------------------------------------
BL   MOTIF 2 width=31 seqs=11
Sthermophile             (    9) PMAESGVTIRSDSEQYSRHEEQSVSPPSSSS  1 
Panserina                (    9) PMAESGVTIRSDSEQYSSPEELSTSPPSSSS  1 
Cglobosum                (    9) PMAESGITIPSDSEQYSRHGDQSTSPPSSSS  1 
Ncrassa                  (    9) PLAESGVTISSDSEQYSAPESASPQSPSSSS  1 
Oclavigerum              (    9) PMAESGVTMHSDSEQYSGAEELSASLESSHS  1 
Afumigatus               (   11) ELYDSGLTVPSDSEIYSANHEVSSPMSASSS  1 
Gzea                     (    7) HLAESGVTMHSDIELYSAGDDLSSPPSSNSP  1 
Aoryzae                  (   12) ELYESGLTVRSDSENYSANNELSESTSSSPL  1 
Tlanuginosus             (   13) ELSDSALTVPSDSENYSANNEFSSSPSASNS  1 
Pnodorum                 (    6) PLTASGLTIPTDSESYSAPADSPSPSPPSSS  1 
Apullulans               (    8) RDIYDSMTMQSDSETYDQPDISSPSSPSSDS  1 
//

--------------------------------------------------------------------------------

--------------------------------------------------------------------------------
	Motif 2 position-specific scoring matrix
--------------------------------------------------------------------------------
log-odds matrix: alength= 20 w= 31 n= 2207 bayes= 7.19114 E= 7.6e-079 
  -169   -140   -176    106   -406   -331    147   -351    -51   -342   -325   -264    315   -125     -2   -276   -192   -264   -446   -305 
  -333   -114     54   -466   -191   -514   -344   -109   -302    258    307   -467   -487   -298   -413   -484   -287   -127   -349   -247 
   310     99   -300   -330   -277   -203   -245    -20   -167   -233   -181   -314   -417   -222   -309    -64     27    -62   -325    183 
     6   -366    195    298   -572   -375   -252   -447    -82   -449   -391   -266   -390    -65   -337   -356   -259   -335   -578    156 
  -208    -50     62   -361   -432   -315   -258   -429   -195   -450   -378   -174   -402   -265   -350    281     36   -371   -452   -306 
   -57   -125   -236   -379   -479    346   -293   -453   -209   -502   -406   -261   -437   -313   -342   -143   -298   -349   -414   -342 
  -323    -99   -555   -572   -236   -552   -422     95   -395    182    156   -527   -558   -397   -516   -530   -281    307   -404   -294 
  -361   -178   -455   -581   -538   -485   -423   -438   -358   -534   -429   -393   -538   -393   -491   -288    445   -357   -533   -454 
  -320    -90   -528   -576   -327   -569   -492    295   -399   -171    289   -526   -586   -456   -560   -546   -273    247   -504   -349 
  -173   -132   -160   -181   -383   -297    275   -325     81   -315   -264   -177    232    150    177    -52   -148   -242   -380   -221 
  -156     18   -280   -409   -370   -323   -269   -359   -171   -385   -305   -187   -359   -258   -303    275    154   -318   -393   -261 
  -332   -182    447   -147   -454   -395   -231   -419   -272   -459   -415   -118   -506   -293   -410   -400   -340   -354   -437   -313 
  -166    -10   -320   -442   -389   -330   -305    -19   -214   -383   -325   -236   -392   -292   -345    280     66   -265   -423   -286 
  -488   -359   -175    362   -628   -537   -415   -533   -431   -628   -575   -443   -668   -314   -571   -604   -490   -510   -602   -513 
  -125    -38   -125   -124   -268   -266    -48     14     35    -48   -148    110   -293    379   -143    -58     74   -120   -296   -148 
  -591   -307   -565   -691   -224   -577   -297   -556   -493   -509   -529   -559   -622   -487   -577   -641   -541   -515   -304    553 
  -208    -50     62   -361   -432   -315   -258   -429   -195   -450   -378   -174   -402   -265   -350    281     36   -371   -452   -306 
   305     74   -224   -253   -338    -40   -200   -282    -66   -297   -234   -248   -390     82     59    -55   -136   -112   -360   -249 
    22   -140    -75   -229   -435      5    288   -414    -83   -412   -374    207    238   -141   -279   -230   -178   -321   -467   -275 
    24   -178    206    197   -428      9    202   -401    -30   -395   -336    164   -350    -77   -237   -224   -161   -309   -446   -246 
  -225   -363    256    271   -567   -365   -241     26    -69   -437   -379   -254   -378    -53   -325    -55   -246   -323   -575   -377 
    29     48   -278   -286     56   -307   -164    -52   -106    162    -67   -260   -345    218   -254     26    -90    111   -246   -108 
  -179    -35   -335   -466   -443   -333   -332   -434   -250   -457   -381   -264    -14   -321   -381    285     24   -352   -460   -335 
    14    -23   -146    -14   -317   -266   -126   -259      0   -280   -215   -157     78    -64   -182    168    184     31   -345   -188 
  -146    -54   -207   -308   -460   -274   -253   -436   -150   -446   -388   -212    184    143   -322    231   -105   -309   -481   -332 
  -145    -69   -256   -299   -325   -325   -218   -240   -123    -72     77   -304    306   -171   -286     43     45   -173   -391   -260 
  -159   -117   -216    -42   -411   -322   -236   -364   -140   -356   -350   -278    323   -184   -310     85   -199   -271   -466   -336 
   122     -2   -377   -482   -464   -271   -360   -442   -294   -466   -388   -309      8   -327   -412    258    -33   -296   -483   -372 
  -177    -12   -219   -381   -396   -309   -254   -390   -176   -414   -337      5   -377   -255   -322    277     83   -340   -419   -278 
  -233   -103    106   -246   -436   -245    181   -440   -103   -448   -387     79     -6   -164   -297    233    -24   -377   -459   -268 
  -153     10   -288   -409   -375   -316   -276   -356   -180   -130   -309   -203    -79   -262   -314    270    101   -303   -401   -268 
--------------------------------------------------------------------------------

--------------------------------------------------------------------------------
	Motif 2 position-specific probability matrix
--------------------------------------------------------------------------------
letter-probability matrix: alength= 20 w= 31 nsites= 11 E= 7.6e-079 
 0.000000  0.000000  0.000000  0.272727  0.000000  0.000000  0.090909  0.000000  0.000000  0.000000  0.000000  0.000000  0.545455  0.000000  0.090909  0.000000  0.000000  0.000000  0.000000  0.000000 
 0.000000  0.000000  0.090909  0.000000  0.000000  0.000000  0.000000  0.000000  0.000000  0.545455  0.363636  0.000000  0.000000  0.000000  0.000000  0.000000  0.000000  0.000000  0.000000  0.000000 
 0.545455  0.000000  0.000000  0.000000  0.000000  0.000000  0.000000  0.090909  0.000000  0.000000  0.000000  0.000000  0.000000  0.000000  0.000000  0.090909  0.090909  0.000000  0.000000  0.181818 
 0.090909  0.000000  0.181818  0.636364  0.000000  0.000000  0.000000  0.000000  0.000000  0.000000  0.000000  0.000000  0.000000  0.000000  0.000000  0.000000  0.000000  0.000000  0.000000  0.090909 
 0.000000  0.000000  0.090909  0.000000  0.000000  0.000000  0.000000  0.000000  0.000000  0.000000  0.000000  0.000000  0.000000  0.000000  0.000000  0.909091  0.000000  0.000000  0.000000  0.000000 
 0.090909  0.000000  0.000000  0.000000  0.000000  0.818182  0.000000  0.000000  0.000000  0.000000  0.000000  0.000000  0.000000  0.000000  0.000000  0.090909  0.000000  0.000000  0.000000  0.000000 
 0.000000  0.000000  0.000000  0.000000  0.000000  0.000000  0.000000  0.090909  0.000000  0.363636  0.090909  0.000000  0.000000  0.000000  0.000000  0.000000  0.000000  0.454545  0.000000  0.000000 
 0.000000  0.000000  0.000000  0.000000  0.000000  0.000000  0.000000  0.000000  0.000000  0.000000  0.000000  0.000000  0.000000  0.000000  0.000000  0.000000  1.000000  0.000000  0.000000  0.000000 
 0.000000  0.000000  0.000000  0.000000  0.000000  0.000000  0.000000  0.454545  0.000000  0.000000  0.272727  0.000000  0.000000  0.000000  0.000000  0.000000  0.000000  0.272727  0.000000  0.000000 
 0.000000  0.000000  0.000000  0.000000  0.000000  0.000000  0.181818  0.000000  0.000000  0.000000  0.000000  0.000000  0.363636  0.090909  0.272727  0.090909  0.000000  0.000000  0.000000  0.000000 
 0.000000  0.000000  0.000000  0.000000  0.000000  0.000000  0.000000  0.000000  0.000000  0.000000  0.000000  0.000000  0.000000  0.000000  0.000000  0.909091  0.090909  0.000000  0.000000  0.000000 
 0.000000  0.000000  1.000000  0.000000  0.000000  0.000000  0.000000  0.000000  0.000000  0.000000  0.000000  0.000000  0.000000  0.000000  0.000000  0.000000  0.000000  0.000000  0.000000  0.000000 
 0.000000  0.000000  0.000000  0.000000  0.000000  0.000000  0.000000  0.090909  0.000000  0.000000  0.000000  0.000000  0.000000  0.000000  0.000000  0.909091  0.000000  0.000000  0.000000  0.000000 
 0.000000  0.000000  0.000000  1.000000  0.000000  0.000000  0.000000  0.000000  0.000000  0.000000  0.000000  0.000000  0.000000  0.000000  0.000000  0.000000  0.000000  0.000000  0.000000  0.000000 
 0.000000  0.000000  0.000000  0.000000  0.000000  0.000000  0.000000  0.090909  0.000000  0.090909  0.000000  0.181818  0.000000  0.454545  0.000000  0.090909  0.090909  0.000000  0.000000  0.000000 
 0.000000  0.000000  0.000000  0.000000  0.000000  0.000000  0.000000  0.000000  0.000000  0.000000  0.000000  0.000000  0.000000  0.000000  0.000000  0.000000  0.000000  0.000000  0.000000  1.000000 
 0.000000  0.000000  0.090909  0.000000  0.000000  0.000000  0.000000  0.000000  0.000000  0.000000  0.000000  0.000000  0.000000  0.000000  0.000000  0.909091  0.000000  0.000000  0.000000  0.000000 
 0.545455  0.000000  0.000000  0.000000  0.000000  0.090909  0.000000  0.000000  0.000000  0.000000  0.000000  0.000000  0.000000  0.090909  0.181818  0.090909  0.000000  0.000000  0.000000  0.000000 
 0.090909  0.000000  0.000000  0.000000  0.000000  0.090909  0.181818  0.000000  0.000000  0.000000  0.000000  0.272727  0.363636  0.000000  0.000000  0.000000  0.000000  0.000000  0.000000  0.000000 
 0.090909  0.000000  0.181818  0.363636  0.000000  0.090909  0.090909  0.000000  0.000000  0.000000  0.000000  0.181818  0.000000  0.000000  0.000000  0.000000  0.000000  0.000000  0.000000  0.000000 
 0.000000  0.000000  0.272727  0.545455  0.000000  0.000000  0.000000  0.090909  0.000000  0.000000  0.000000  0.000000  0.000000  0.000000  0.000000  0.090909  0.000000  0.000000  0.000000  0.000000 
 0.090909  0.000000  0.000000  0.000000  0.090909  0.000000  0.000000  0.000000  0.000000  0.363636  0.000000  0.000000  0.000000  0.181818  0.000000  0.181818  0.000000  0.090909  0.000000  0.000000 
 0.000000  0.000000  0.000000  0.000000  0.000000  0.000000  0.000000  0.000000  0.000000  0.000000  0.000000  0.000000  0.090909  0.000000  0.000000  0.909091  0.000000  0.000000  0.000000  0.000000 
 0.090909  0.000000  0.000000  0.090909  0.000000  0.000000  0.000000  0.000000  0.000000  0.000000  0.000000  0.000000  0.181818  0.000000  0.000000  0.363636  0.181818  0.090909  0.000000  0.000000 
 0.000000  0.000000  0.000000  0.000000  0.000000  0.000000  0.000000  0.000000  0.000000  0.000000  0.000000  0.000000  0.272727  0.090909  0.000000  0.636364  0.000000  0.000000  0.000000  0.000000 
 0.000000  0.000000  0.000000  0.000000  0.000000  0.000000  0.000000  0.000000  0.000000  0.090909  0.090909  0.000000  0.454545  0.000000  0.000000  0.272727  0.090909  0.000000  0.000000  0.000000 
 0.000000  0.000000  0.000000  0.090909  0.000000  0.000000  0.000000  0.000000  0.000000  0.000000  0.000000  0.000000  0.545455  0.000000  0.000000  0.363636  0.000000  0.000000  0.000000  0.000000 
 0.181818  0.000000  0.000000  0.000000  0.000000  0.000000  0.000000  0.000000  0.000000  0.000000  0.000000  0.000000  0.090909  0.000000  0.000000  0.727273  0.000000  0.000000  0.000000  0.000000 
 0.000000  0.000000  0.000000  0.000000  0.000000  0.000000  0.000000  0.000000  0.000000  0.000000  0.000000  0.090909  0.000000  0.000000  0.000000  0.909091  0.000000  0.000000  0.000000  0.000000 
 0.000000  0.000000  0.090909  0.000000  0.000000  0.000000  0.090909  0.000000  0.000000  0.000000  0.000000  0.090909  0.090909  0.000000  0.000000  0.636364  0.000000  0.000000  0.000000  0.000000 
 0.000000  0.000000  0.000000  0.000000  0.000000  0.000000  0.000000  0.000000  0.000000  0.090909  0.000000  0.000000  0.090909  0.000000  0.000000  0.818182  0.000000  0.000000  0.000000  0.000000 
--------------------------------------------------------------------------------





Time 15.73 secs.

********************************************************************************


********************************************************************************
MOTIF  3	width =   12   sites =  18   llr = 446   E-value = 9.0e-077
********************************************************************************
--------------------------------------------------------------------------------
	Motif 3 Description
--------------------------------------------------------------------------------
Simplified        A  :1:::::2::::
pos.-specific     C  ::::::::::1:
probability       D  :::::::1::::
matrix            E  :::::1::::1:
                  F  a:1:::::::6:
                  G  :::7:16::1::
                  H  ::1:::::::::
                  I  :::::1:::2:1
                  K  :::1:1::6:::
                  L  ::6:::::::11
                  M  ::::1:::::::
                  N  :2:22:3:::::
                  P  :::::::::::8
                  Q  ::::::::1:::
                  R  :811::::41::
                  S  :::::6::::1:
                  T  :::::1:6::::
                  V  ::::11:::7::
                  W  ::1:7:1:::::
                  Y  ::2::::2::11

         bits    7.7             
                 6.9             
                 6.2             
                 5.4             
Information      4.6 *           
content          3.8 *   *   *   
(35.7 bits)      3.1 **  * **** *
                 2.3 ***** ******
                 1.5 ************
                 0.8 ************
                 0.0 ------------

Multilevel           FRLGWSGTKVFP
consensus                  NARI  
sequence                         
                                 
                                 
--------------------------------------------------------------------------------

--------------------------------------------------------------------------------
	Motif 3 sites sorted by position p-value
--------------------------------------------------------------------------------
Sequence name             Start   P-value                Site  
-------------             ----- ---------            ------------
Ncrassa                      83  1.67e-15 FGELFAHEAA FRLGWSNTKVFP VSRRDARPIG
Oclavigerum                  82  5.75e-15 FGELFAHEFA FRLGWSGTRVFP LSRRTAYPAG
Sthermophile                 83  1.16e-14 FGELFAHEAA FRLGWSNTRVFP VSRRQAHSIG
Apullulans                   83  1.42e-14 FGELFANELA FRFGWSNTKVFP THRRVGPGVE
Aoryzae                      83  1.82e-14 FGELFAHEAA FRLGWSGTKIFP TYRRSVGPGV
Tlanuginosus                 86  1.82e-14 LGELIAHDAA FRLGWSGTKIFP TYRRTTPVGP
Afumigatus                   84  3.33e-14 FGELFAHEAA FRLGWSNTKIFP TYRRSRPMGP
Gzea                         79  3.57e-14 FGELFAHEAA FRLGWGGTKVFP LSRRRAHPIG
Panserina                    83  8.13e-13 FGELFAHEAA FRLGWSNTRVCY I         
Dhansenii                   120  2.83e-11 FGEILAHEIG FRYNWVGAKVEP PRRIARKNKQ
Pangusta                    110  5.76e-11 FGEILAHEIG FRYNWSGAKVSL CLNNLTNK  
Smikatae                     78  6.23e-11 AHELCWRFNW FNHRNKGYKVFP ESRKIAALEE
Calbicans                   102  9.94e-11 FGEILAHEIG FRYNWIGARVEP PRRMVQKKNE
Cglobosum                    83  4.44e-10 FGELFAHEAA FRLGWSNTRRLL QALRASNRFL
Scerevisiae                  77  4.77e-10 AHELCWRFNW FNHRNKGYKVYP ESRKIAALKE
Klactis                     122  3.86e-09 AHELSWNWNW FNRKNTGYRIFP ESRKKFEYDI
Pnodorum                     80  3.71e-08 FGELVANEAA FRLGVEWDQGFP DA        
Ylipolytica                  81  4.74e-08 FGELVAHEIG FAWGMSGARVSI MNRLMRRM  
--------------------------------------------------------------------------------

--------------------------------------------------------------------------------
	Motif 3 block diagrams
--------------------------------------------------------------------------------
SEQUENCE NAME            POSITION P-VALUE  MOTIF DIAGRAM
-------------            ----------------  -------------
Ncrassa                           1.7e-15  82_[3]_36
Oclavigerum                       5.8e-15  81_[3]_20
Sthermophile                      1.2e-14  82_[3]_32
Apullulans                        1.4e-14  82_[3]_33
Aoryzae                           1.8e-14  82_[3]_30
Tlanuginosus                      1.8e-14  85_[3]_35
Afumigatus                        3.3e-14  83_[3]_35
Gzea                              3.6e-14  78_[3]_33
Panserina                         8.1e-13  82_[3]_1
Dhansenii                         2.8e-11  119_[3]_16
Pangusta                          5.8e-11  109_[3]_8
Smikatae                          6.2e-11  77_[3]_25
Calbicans                         9.9e-11  101_[3]_16
Cglobosum                         4.4e-10  82_[3]_41
Scerevisiae                       4.8e-10  76_[3]_25
Klactis                           3.9e-09  121_[3]_32
Pnodorum                          3.7e-08  79_[3]_2
Ylipolytica                       4.7e-08  80_[3]_8
--------------------------------------------------------------------------------

--------------------------------------------------------------------------------
	Motif 3 in BLOCKS format
--------------------------------------------------------------------------------
BL   MOTIF 3 width=12 seqs=18
Ncrassa                  (   83) FRLGWSNTKVFP  1 
Oclavigerum              (   82) FRLGWSGTRVFP  1 
Sthermophile             (   83) FRLGWSNTRVFP  1 
Apullulans               (   83) FRFGWSNTKVFP  1 
Aoryzae                  (   83) FRLGWSGTKIFP  1 
Tlanuginosus             (   86) FRLGWSGTKIFP  1 
Afumigatus               (   84) FRLGWSNTKIFP  1 
Gzea                     (   79) FRLGWGGTKVFP  1 
Panserina                (   83) FRLGWSNTRVCY  1 
Dhansenii                (  120) FRYNWVGAKVEP  1 
Pangusta                 (  110) FRYNWSGAKVSL  1 
Smikatae                 (   78) FNHRNKGYKVFP  1 
Calbicans                (  102) FRYNWIGARVEP  1 
Cglobosum                (   83) FRLGWSNTRRLL  1 
Scerevisiae              (   77) FNHRNKGYKVYP  1 
Klactis                  (  122) FNRKNTGYRIFP  1 
Pnodorum                 (   80) FRLGVEWDQGFP  1 
Ylipolytica              (   81) FAWGMSGARVSI  1 
//

--------------------------------------------------------------------------------

--------------------------------------------------------------------------------
	Motif 3 position-specific scoring matrix
--------------------------------------------------------------------------------
log-odds matrix: alength= 20 w= 12 n= 2644 bayes= 8.04111 E= 9.0e-077 
  -531   -242   -562   -662    427   -600   -449   -449   -502   -386   -434   -609   -608   -546   -624   -598   -540   -434   -391   -164 
   -54   -170   -293   -389   -555   -385   -223   -480    -11   -472   -433    128   -474   -183    363   -376   -300   -411   -458   -369 
  -542   -256   -577   -647     51   -619    249   -427   -441    239   -393   -498   -631   -416    -21   -589   -474   -400    163    311 
  -252   -189   -219   -366   -516    326   -266   -483     64   -514   -432     84   -467   -258     13   -340   -317   -394   -451   -355 
  -386   -135   -376   -456   -165   -439   -310   -369   -278   -265   -107    -64   -496   -305   -379   -474   -349   -156    560    -88 
  -169    -16   -224   -123   -357   -134   -204   -103    120   -345   -274   -183   -352   -160   -248    246    121    -72   -382   -236 
  -310   -228   -237   -424   -510    306   -314   -573   -276   -595   -531    232   -516   -351   -442   -375   -352   -469    130   -343 
   147    -98     37   -389   -440   -341   -300   -392   -240   -460   -372   -248   -462   -281   -407   -235    362   -294   -479    272 
  -373   -273   -431   -352   -592   -463   -206   -457    436   -431   -383   -332   -513    111    261   -437   -305   -385   -477   -352 
  -111     20   -325   -372   -315   -195   -258     98   -224   -228   -219   -381   -383   -290   -149   -388   -127    388   -415   -328 
  -332    170   -404   -152    398   -479   -335   -240   -321   -129   -228   -444   -451   -385   -470   -185   -353   -224   -225     68 
  -206   -160   -314   -368   -376   -393   -284    -58   -193    -36   -324   -383    352   -237   -354   -330   -245   -275   -461     75 
--------------------------------------------------------------------------------

--------------------------------------------------------------------------------
	Motif 3 position-specific probability matrix
--------------------------------------------------------------------------------
letter-probability matrix: alength= 20 w= 12 nsites= 18 E= 9.0e-077 
 0.000000  0.000000  0.000000  0.000000  1.000000  0.000000  0.000000  0.000000  0.000000  0.000000  0.000000  0.000000  0.000000  0.000000  0.000000  0.000000  0.000000  0.000000  0.000000  0.000000 
 0.055556  0.000000  0.000000  0.000000  0.000000  0.000000  0.000000  0.000000  0.000000  0.000000  0.000000  0.166667  0.000000  0.000000  0.777778  0.000000  0.000000  0.000000  0.000000  0.000000 
 0.000000  0.000000  0.000000  0.000000  0.055556  0.000000  0.111111  0.000000  0.000000  0.555556  0.000000  0.000000  0.000000  0.000000  0.055556  0.000000  0.000000  0.000000  0.055556  0.166667 
 0.000000  0.000000  0.000000  0.000000  0.000000  0.666667  0.000000  0.000000  0.055556  0.000000  0.000000  0.166667  0.000000  0.000000  0.111111  0.000000  0.000000  0.000000  0.000000  0.000000 
 0.000000  0.000000  0.000000  0.000000  0.000000  0.000000  0.000000  0.000000  0.000000  0.000000  0.055556  0.166667  0.000000  0.000000  0.000000  0.000000  0.000000  0.055556  0.722222  0.000000 
 0.000000  0.000000  0.000000  0.055556  0.000000  0.055556  0.000000  0.055556  0.111111  0.000000  0.000000  0.000000  0.000000  0.000000  0.000000  0.611111  0.055556  0.055556  0.000000  0.000000 
 0.000000  0.000000  0.000000  0.000000  0.000000  0.611111  0.000000  0.000000  0.000000  0.000000  0.000000  0.333333  0.000000  0.000000  0.000000  0.000000  0.000000  0.000000  0.055556  0.000000 
 0.222222  0.000000  0.055556  0.000000  0.000000  0.000000  0.000000  0.000000  0.000000  0.000000  0.000000  0.000000  0.000000  0.000000  0.000000  0.000000  0.555556  0.000000  0.000000  0.166667 
 0.000000  0.000000  0.000000  0.000000  0.000000  0.000000  0.000000  0.000000  0.555556  0.000000  0.000000  0.000000  0.000000  0.055556  0.388889  0.000000  0.000000  0.000000  0.000000  0.000000 
 0.000000  0.000000  0.000000  0.000000  0.000000  0.055556  0.000000  0.222222  0.000000  0.000000  0.000000  0.000000  0.000000  0.000000  0.055556  0.000000  0.000000  0.666667  0.000000  0.000000 
 0.000000  0.055556  0.000000  0.111111  0.611111  0.000000  0.000000  0.000000  0.000000  0.055556  0.000000  0.000000  0.000000  0.000000  0.000000  0.111111  0.000000  0.000000  0.000000  0.055556 
 0.000000  0.000000  0.000000  0.000000  0.000000  0.000000  0.000000  0.055556  0.000000  0.111111  0.000000  0.000000  0.777778  0.000000  0.000000  0.000000  0.000000  0.000000  0.000000  0.055556 
--------------------------------------------------------------------------------





Time 21.52 secs.

********************************************************************************


********************************************************************************
SUMMARY OF MOTIFS
********************************************************************************

--------------------------------------------------------------------------------
	Combined block diagrams: non-overlapping sites with p-value < 0.0001
--------------------------------------------------------------------------------
SEQUENCE NAME            COMBINED P-VALUE  MOTIF DIAGRAM
-------------            ----------------  -------------
Scerevisiae                      1.44e-33  38_[1(1.45e-31)]_6_[3(4.77e-10)]_25
Smikatae                         1.55e-34  39_[1(1.45e-31)]_6_[3(6.23e-11)]_25
Ncastellii                       3.30e-26  50_[1(2.75e-29)]_33
Klactis                          2.01e-32  83_[1(6.60e-31)]_6_[3(3.86e-09)]_32
Calbicans                        2.97e-35  68_[1(4.66e-32)]_1_[3(9.94e-11)]_16
Ncrassa                          1.69e-64  8_[2(6.70e-27)]_10_[1(1.03e-33)]_1_[3(1.67e-15)]_36
Spombe                           1.17e-23  15_[1(4.47e-28)]_24
Agosyppii                        7.10e-25  77_[1(1.03e-28)]_46
Ylipolytica                      4.75e-32  47_[1(3.47e-31)]_1_[3(4.74e-08)]_8
Panserina                        1.53e-68  8_[2(4.56e-31)]_10_[1(8.53e-36)]_1_[3(8.13e-13)]_1
Tlanuginosus                     5.74e-56  12_[2(6.31e-23)]_9_[1(4.24e-30)]_1_[3(1.82e-14)]_35
Apullulans                       2.68e-53  7_[2(3.81e-19)]_11_[1(5.34e-31)]_1_[3(1.42e-14)]_33
Pangusta                         6.80e-37  76_[1(7.88e-33)]_1_[3(5.76e-11)]_8
Dhansenii                        3.85e-34  86_[1(3.12e-31)]_1_[3(2.83e-11)]_16
Pnodorum                         9.37e-51  5_[2(2.61e-22)]_10_[1(3.87e-31)]_1_[3(3.71e-08)]_2
Oclavigerum                      5.93e-63  8_[2(6.34e-26)]_9_[1(1.98e-33)]_1_[3(5.75e-15)]_20
Sthermophile                     1.37e-70  8_[2(1.86e-31)]_10_[1(4.15e-36)]_1_[3(1.16e-14)]_32
Aoryzae                          1.96e-62  11_[2(5.73e-23)]_7_[1(1.63e-36)]_1_[3(1.82e-14)]_30
Afumigatus                       1.90e-62  10_[2(8.08e-25)]_9_[1(5.17e-35)]_1_[3(3.33e-14)]_35
Cglobosum                        3.43e-66  8_[2(3.38e-30)]_10_[1(1.30e-37)]_1_[3(4.44e-10)]_41
Gzea                             5.49e-60  6_[2(9.74e-24)]_8_[1(1.53e-33)]_1_[3(3.57e-14)]_33
Umaydis                          2.27e-19  92_[1(3.40e-23)]_52
Cneoformans                      2.47e-23  86_[1(8.69e-27)]_37
--------------------------------------------------------------------------------

********************************************************************************


********************************************************************************
Stopped because nmotifs = 3 reached.
********************************************************************************

CPU: panda.bio21.unimelb.edu.au

********************************************************************************
